  ExplorareMuzeuAntipa.cpp
C:\Users\Alex\Documents\GitHub\Explorare-Muzeu-Antipa\ExplorareMuzeuAntipa\ExplorareMuzeuAntipa\OBJ_Loader.h(652,25): warning C4018: '<': signed/unsigned mismatch
C:\Users\Alex\Documents\GitHub\Explorare-Muzeu-Antipa\ExplorareMuzeuAntipa\ExplorareMuzeuAntipa\OBJ_Loader.h(689,22): warning C4018: '<': signed/unsigned mismatch
C:\Users\Alex\Documents\GitHub\Explorare-Muzeu-Antipa\ExplorareMuzeuAntipa\ExplorareMuzeuAntipa\OBJ_Loader.h(695,23): warning C4018: '<': signed/unsigned mismatch
C:\Users\Alex\Documents\GitHub\Explorare-Muzeu-Antipa\ExplorareMuzeuAntipa\ExplorareMuzeuAntipa\OBJ_Loader.h(949,18): warning C4244: 'initializing': conversion from 'double' to 'float', possible loss of data
C:\Users\Alex\Documents\GitHub\Explorare-Muzeu-Antipa\ExplorareMuzeuAntipa\ExplorareMuzeuAntipa\ExplorareMuzeuAntipa.cpp(484,21): warning C4018: '<': signed/unsigned mismatch
C:\Users\Alex\Documents\GitHub\Explorare-Muzeu-Antipa\ExplorareMuzeuAntipa\ExplorareMuzeuAntipa\ExplorareMuzeuAntipa.cpp(489,22): warning C4018: '<': signed/unsigned mismatch
C:\Users\Alex\Documents\GitHub\Explorare-Muzeu-Antipa\ExplorareMuzeuAntipa\ExplorareMuzeuAntipa\ExplorareMuzeuAntipa.cpp(501,22): warning C4018: '<': signed/unsigned mismatch
C:\Users\Alex\Documents\GitHub\Explorare-Muzeu-Antipa\ExplorareMuzeuAntipa\ExplorareMuzeuAntipa\ExplorareMuzeuAntipa.cpp(506,22): warning C4018: '<': signed/unsigned mismatch
C:\Users\Alex\Documents\GitHub\Explorare-Muzeu-Antipa\ExplorareMuzeuAntipa\ExplorareMuzeuAntipa\ExplorareMuzeuAntipa.cpp(512,22): warning C4018: '<': signed/unsigned mismatch
C:\Users\Alex\Documents\GitHub\Explorare-Muzeu-Antipa\ExplorareMuzeuAntipa\ExplorareMuzeuAntipa\ExplorareMuzeuAntipa.cpp(514,29): warning C4244: '=': conversion from '_Ty' to 'unsigned int', possible loss of data
          with
          [
              _Ty=float
          ]
C:\Users\Alex\Documents\GitHub\Explorare-Muzeu-Antipa\ExplorareMuzeuAntipa\ExplorareMuzeuAntipa\ExplorareMuzeuAntipa.cpp(563,21): warning C4018: '<': signed/unsigned mismatch
C:\Users\Alex\Documents\GitHub\Explorare-Muzeu-Antipa\ExplorareMuzeuAntipa\ExplorareMuzeuAntipa\ExplorareMuzeuAntipa.cpp(568,22): warning C4018: '<': signed/unsigned mismatch
C:\Users\Alex\Documents\GitHub\Explorare-Muzeu-Antipa\ExplorareMuzeuAntipa\ExplorareMuzeuAntipa\ExplorareMuzeuAntipa.cpp(580,22): warning C4018: '<': signed/unsigned mismatch
C:\Users\Alex\Documents\GitHub\Explorare-Muzeu-Antipa\ExplorareMuzeuAntipa\ExplorareMuzeuAntipa\ExplorareMuzeuAntipa.cpp(585,22): warning C4018: '<': signed/unsigned mismatch
C:\Users\Alex\Documents\GitHub\Explorare-Muzeu-Antipa\ExplorareMuzeuAntipa\ExplorareMuzeuAntipa\ExplorareMuzeuAntipa.cpp(591,22): warning C4018: '<': signed/unsigned mismatch
C:\Users\Alex\Documents\GitHub\Explorare-Muzeu-Antipa\ExplorareMuzeuAntipa\ExplorareMuzeuAntipa\ExplorareMuzeuAntipa.cpp(593,29): warning C4244: '=': conversion from '_Ty' to 'unsigned int', possible loss of data
          with
          [
              _Ty=float
          ]
C:\Users\Alex\Documents\GitHub\Explorare-Muzeu-Antipa\ExplorareMuzeuAntipa\ExplorareMuzeuAntipa\ExplorareMuzeuAntipa.cpp(643,21): warning C4018: '<': signed/unsigned mismatch
C:\Users\Alex\Documents\GitHub\Explorare-Muzeu-Antipa\ExplorareMuzeuAntipa\ExplorareMuzeuAntipa\ExplorareMuzeuAntipa.cpp(648,22): warning C4018: '<': signed/unsigned mismatch
C:\Users\Alex\Documents\GitHub\Explorare-Muzeu-Antipa\ExplorareMuzeuAntipa\ExplorareMuzeuAntipa\ExplorareMuzeuAntipa.cpp(660,22): warning C4018: '<': signed/unsigned mismatch
C:\Users\Alex\Documents\GitHub\Explorare-Muzeu-Antipa\ExplorareMuzeuAntipa\ExplorareMuzeuAntipa\ExplorareMuzeuAntipa.cpp(665,22): warning C4018: '<': signed/unsigned mismatch
C:\Users\Alex\Documents\GitHub\Explorare-Muzeu-Antipa\ExplorareMuzeuAntipa\ExplorareMuzeuAntipa\ExplorareMuzeuAntipa.cpp(671,22): warning C4018: '<': signed/unsigned mismatch
C:\Users\Alex\Documents\GitHub\Explorare-Muzeu-Antipa\ExplorareMuzeuAntipa\ExplorareMuzeuAntipa\ExplorareMuzeuAntipa.cpp(673,29): warning C4244: '=': conversion from '_Ty' to 'unsigned int', possible loss of data
          with
          [
              _Ty=float
          ]
C:\Users\Alex\Documents\GitHub\Explorare-Muzeu-Antipa\ExplorareMuzeuAntipa\ExplorareMuzeuAntipa\ExplorareMuzeuAntipa.cpp(721,21): warning C4018: '<': signed/unsigned mismatch
C:\Users\Alex\Documents\GitHub\Explorare-Muzeu-Antipa\ExplorareMuzeuAntipa\ExplorareMuzeuAntipa\ExplorareMuzeuAntipa.cpp(726,22): warning C4018: '<': signed/unsigned mismatch
C:\Users\Alex\Documents\GitHub\Explorare-Muzeu-Antipa\ExplorareMuzeuAntipa\ExplorareMuzeuAntipa\ExplorareMuzeuAntipa.cpp(738,22): warning C4018: '<': signed/unsigned mismatch
C:\Users\Alex\Documents\GitHub\Explorare-Muzeu-Antipa\ExplorareMuzeuAntipa\ExplorareMuzeuAntipa\ExplorareMuzeuAntipa.cpp(743,22): warning C4018: '<': signed/unsigned mismatch
C:\Users\Alex\Documents\GitHub\Explorare-Muzeu-Antipa\ExplorareMuzeuAntipa\ExplorareMuzeuAntipa\ExplorareMuzeuAntipa.cpp(749,22): warning C4018: '<': signed/unsigned mismatch
C:\Users\Alex\Documents\GitHub\Explorare-Muzeu-Antipa\ExplorareMuzeuAntipa\ExplorareMuzeuAntipa\ExplorareMuzeuAntipa.cpp(751,29): warning C4244: '=': conversion from '_Ty' to 'unsigned int', possible loss of data
          with
          [
              _Ty=float
          ]
C:\Users\Alex\Documents\GitHub\Explorare-Muzeu-Antipa\ExplorareMuzeuAntipa\ExplorareMuzeuAntipa\ExplorareMuzeuAntipa.cpp(804,21): warning C4018: '<': signed/unsigned mismatch
C:\Users\Alex\Documents\GitHub\Explorare-Muzeu-Antipa\ExplorareMuzeuAntipa\ExplorareMuzeuAntipa\ExplorareMuzeuAntipa.cpp(816,21): warning C4018: '<': signed/unsigned mismatch
C:\Users\Alex\Documents\GitHub\Explorare-Muzeu-Antipa\ExplorareMuzeuAntipa\ExplorareMuzeuAntipa\ExplorareMuzeuAntipa.cpp(821,21): warning C4018: '<': signed/unsigned mismatch
C:\Users\Alex\Documents\GitHub\Explorare-Muzeu-Antipa\ExplorareMuzeuAntipa\ExplorareMuzeuAntipa\ExplorareMuzeuAntipa.cpp(827,21): warning C4018: '<': signed/unsigned mismatch
C:\Users\Alex\Documents\GitHub\Explorare-Muzeu-Antipa\ExplorareMuzeuAntipa\ExplorareMuzeuAntipa\ExplorareMuzeuAntipa.cpp(829,28): warning C4244: '=': conversion from '_Ty' to 'unsigned int', possible loss of data
          with
          [
              _Ty=float
          ]
C:\Users\Alex\Documents\GitHub\Explorare-Muzeu-Antipa\ExplorareMuzeuAntipa\ExplorareMuzeuAntipa\ExplorareMuzeuAntipa.cpp(880,21): warning C4018: '<': signed/unsigned mismatch
C:\Users\Alex\Documents\GitHub\Explorare-Muzeu-Antipa\ExplorareMuzeuAntipa\ExplorareMuzeuAntipa\ExplorareMuzeuAntipa.cpp(892,21): warning C4018: '<': signed/unsigned mismatch
C:\Users\Alex\Documents\GitHub\Explorare-Muzeu-Antipa\ExplorareMuzeuAntipa\ExplorareMuzeuAntipa\ExplorareMuzeuAntipa.cpp(897,21): warning C4018: '<': signed/unsigned mismatch
C:\Users\Alex\Documents\GitHub\Explorare-Muzeu-Antipa\ExplorareMuzeuAntipa\ExplorareMuzeuAntipa\ExplorareMuzeuAntipa.cpp(903,21): warning C4018: '<': signed/unsigned mismatch
C:\Users\Alex\Documents\GitHub\Explorare-Muzeu-Antipa\ExplorareMuzeuAntipa\ExplorareMuzeuAntipa\ExplorareMuzeuAntipa.cpp(905,28): warning C4244: '=': conversion from '_Ty' to 'unsigned int', possible loss of data
          with
          [
              _Ty=float
          ]
C:\Users\Alex\Documents\GitHub\Explorare-Muzeu-Antipa\ExplorareMuzeuAntipa\ExplorareMuzeuAntipa\ExplorareMuzeuAntipa.cpp(957,21): warning C4018: '<': signed/unsigned mismatch
C:\Users\Alex\Documents\GitHub\Explorare-Muzeu-Antipa\ExplorareMuzeuAntipa\ExplorareMuzeuAntipa\ExplorareMuzeuAntipa.cpp(969,21): warning C4018: '<': signed/unsigned mismatch
C:\Users\Alex\Documents\GitHub\Explorare-Muzeu-Antipa\ExplorareMuzeuAntipa\ExplorareMuzeuAntipa\ExplorareMuzeuAntipa.cpp(974,21): warning C4018: '<': signed/unsigned mismatch
C:\Users\Alex\Documents\GitHub\Explorare-Muzeu-Antipa\ExplorareMuzeuAntipa\ExplorareMuzeuAntipa\ExplorareMuzeuAntipa.cpp(980,21): warning C4018: '<': signed/unsigned mismatch
C:\Users\Alex\Documents\GitHub\Explorare-Muzeu-Antipa\ExplorareMuzeuAntipa\ExplorareMuzeuAntipa\ExplorareMuzeuAntipa.cpp(982,28): warning C4244: '=': conversion from '_Ty' to 'unsigned int', possible loss of data
          with
          [
              _Ty=float
          ]
C:\Users\Alex\Documents\GitHub\Explorare-Muzeu-Antipa\ExplorareMuzeuAntipa\ExplorareMuzeuAntipa\ExplorareMuzeuAntipa.cpp(1033,21): warning C4018: '<': signed/unsigned mismatch
C:\Users\Alex\Documents\GitHub\Explorare-Muzeu-Antipa\ExplorareMuzeuAntipa\ExplorareMuzeuAntipa\ExplorareMuzeuAntipa.cpp(1045,21): warning C4018: '<': signed/unsigned mismatch
C:\Users\Alex\Documents\GitHub\Explorare-Muzeu-Antipa\ExplorareMuzeuAntipa\ExplorareMuzeuAntipa\ExplorareMuzeuAntipa.cpp(1050,21): warning C4018: '<': signed/unsigned mismatch
C:\Users\Alex\Documents\GitHub\Explorare-Muzeu-Antipa\ExplorareMuzeuAntipa\ExplorareMuzeuAntipa\ExplorareMuzeuAntipa.cpp(1056,21): warning C4018: '<': signed/unsigned mismatch
C:\Users\Alex\Documents\GitHub\Explorare-Muzeu-Antipa\ExplorareMuzeuAntipa\ExplorareMuzeuAntipa\ExplorareMuzeuAntipa.cpp(1058,28): warning C4244: '=': conversion from '_Ty' to 'unsigned int', possible loss of data
          with
          [
              _Ty=float
          ]
C:\Users\Alex\Documents\GitHub\Explorare-Muzeu-Antipa\ExplorareMuzeuAntipa\ExplorareMuzeuAntipa\ExplorareMuzeuAntipa.cpp(1108,21): warning C4018: '<': signed/unsigned mismatch
C:\Users\Alex\Documents\GitHub\Explorare-Muzeu-Antipa\ExplorareMuzeuAntipa\ExplorareMuzeuAntipa\ExplorareMuzeuAntipa.cpp(1120,21): warning C4018: '<': signed/unsigned mismatch
C:\Users\Alex\Documents\GitHub\Explorare-Muzeu-Antipa\ExplorareMuzeuAntipa\ExplorareMuzeuAntipa\ExplorareMuzeuAntipa.cpp(1125,21): warning C4018: '<': signed/unsigned mismatch
C:\Users\Alex\Documents\GitHub\Explorare-Muzeu-Antipa\ExplorareMuzeuAntipa\ExplorareMuzeuAntipa\ExplorareMuzeuAntipa.cpp(1131,21): warning C4018: '<': signed/unsigned mismatch
C:\Users\Alex\Documents\GitHub\Explorare-Muzeu-Antipa\ExplorareMuzeuAntipa\ExplorareMuzeuAntipa\ExplorareMuzeuAntipa.cpp(1133,28): warning C4244: '=': conversion from '_Ty' to 'unsigned int', possible loss of data
          with
          [
              _Ty=float
          ]
C:\Users\Alex\Documents\GitHub\Explorare-Muzeu-Antipa\ExplorareMuzeuAntipa\ExplorareMuzeuAntipa\ExplorareMuzeuAntipa.cpp(1182,21): warning C4018: '<': signed/unsigned mismatch
C:\Users\Alex\Documents\GitHub\Explorare-Muzeu-Antipa\ExplorareMuzeuAntipa\ExplorareMuzeuAntipa\ExplorareMuzeuAntipa.cpp(1194,21): warning C4018: '<': signed/unsigned mismatch
C:\Users\Alex\Documents\GitHub\Explorare-Muzeu-Antipa\ExplorareMuzeuAntipa\ExplorareMuzeuAntipa\ExplorareMuzeuAntipa.cpp(1199,21): warning C4018: '<': signed/unsigned mismatch
C:\Users\Alex\Documents\GitHub\Explorare-Muzeu-Antipa\ExplorareMuzeuAntipa\ExplorareMuzeuAntipa\ExplorareMuzeuAntipa.cpp(1205,21): warning C4018: '<': signed/unsigned mismatch
C:\Users\Alex\Documents\GitHub\Explorare-Muzeu-Antipa\ExplorareMuzeuAntipa\ExplorareMuzeuAntipa\ExplorareMuzeuAntipa.cpp(1207,28): warning C4244: '=': conversion from '_Ty' to 'unsigned int', possible loss of data
          with
          [
              _Ty=float
          ]
C:\Users\Alex\Documents\GitHub\Explorare-Muzeu-Antipa\ExplorareMuzeuAntipa\ExplorareMuzeuAntipa\ExplorareMuzeuAntipa.cpp(1265,21): warning C4018: '<': signed/unsigned mismatch
C:\Users\Alex\Documents\GitHub\Explorare-Muzeu-Antipa\ExplorareMuzeuAntipa\ExplorareMuzeuAntipa\ExplorareMuzeuAntipa.cpp(1279,21): warning C4018: '<': signed/unsigned mismatch
C:\Users\Alex\Documents\GitHub\Explorare-Muzeu-Antipa\ExplorareMuzeuAntipa\ExplorareMuzeuAntipa\ExplorareMuzeuAntipa.cpp(1284,21): warning C4018: '<': signed/unsigned mismatch
C:\Users\Alex\Documents\GitHub\Explorare-Muzeu-Antipa\ExplorareMuzeuAntipa\ExplorareMuzeuAntipa\ExplorareMuzeuAntipa.cpp(1290,21): warning C4018: '<': signed/unsigned mismatch
C:\Users\Alex\Documents\GitHub\Explorare-Muzeu-Antipa\ExplorareMuzeuAntipa\ExplorareMuzeuAntipa\ExplorareMuzeuAntipa.cpp(1292,29): warning C4244: '=': conversion from '_Ty' to 'unsigned int', possible loss of data
          with
          [
              _Ty=float
          ]
C:\Users\Alex\Documents\GitHub\Explorare-Muzeu-Antipa\ExplorareMuzeuAntipa\ExplorareMuzeuAntipa\ExplorareMuzeuAntipa.cpp(1348,21): warning C4018: '<': signed/unsigned mismatch
C:\Users\Alex\Documents\GitHub\Explorare-Muzeu-Antipa\ExplorareMuzeuAntipa\ExplorareMuzeuAntipa\ExplorareMuzeuAntipa.cpp(1365,21): warning C4018: '<': signed/unsigned mismatch
C:\Users\Alex\Documents\GitHub\Explorare-Muzeu-Antipa\ExplorareMuzeuAntipa\ExplorareMuzeuAntipa\ExplorareMuzeuAntipa.cpp(1371,21): warning C4018: '<': signed/unsigned mismatch
C:\Users\Alex\Documents\GitHub\Explorare-Muzeu-Antipa\ExplorareMuzeuAntipa\ExplorareMuzeuAntipa\ExplorareMuzeuAntipa.cpp(1373,29): warning C4244: '=': conversion from '_Ty' to 'unsigned int', possible loss of data
          with
          [
              _Ty=float
          ]
  ExplorareMuzeuAntipa.vcxproj -> C:\Users\Alex\Documents\GitHub\Explorare-Muzeu-Antipa\ExplorareMuzeuAntipa\Debug\ExplorareMuzeuAntipa.exe
